#
# There is insufficient memory for the Java Runtime Environment to continue.
# Native memory allocation (malloc) failed to allocate 209936 bytes for Chunk::new
# Possible reasons:
#   The system is out of physical RAM or swap space
#   In 32 bit mode, the process size limit was hit
# Possible solutions:
#   Reduce memory load on the system
#   Increase physical memory or swap space
#   Check if swap backing store is full
#   Use 64 bit Java on a 64 bit OS
#   Decrease Java heap size (-Xmx/-Xms)
#   Decrease number of Java threads
#   Decrease Java thread stack sizes (-Xss)
#   Set larger code cache with -XX:ReservedCodeCacheSize=
# This output file may be truncated or incomplete.
#
#  Out of Memory Error (allocation.cpp:323), pid=3948, tid=9992
#
# JRE version: Java(TM) SE Runtime Environment (7.0_75-b13) (build 1.7.0_75-b13)
# Java VM: Java HotSpot(TM) 64-Bit Server VM (24.75-b04 mixed mode windows-amd64 compressed oops)
# Failed to write core dump. Minidumps are not enabled by default on client versions of Windows
#

---------------  T H R E A D  ---------------

Current thread (0x0000000008373800):  JavaThread "C2 CompilerThread0" daemon [_thread_in_native, id=9992, stack(0x00000000098e0000,0x00000000099e0000)]

Stack: [0x00000000098e0000,0x00000000099e0000]
[error occurred during error reporting (printing stack bounds), id 0xc0000005]


[error occurred during error reporting (printing native stack), id 0xc0000005]


Current CompileTask:
C2:  15822  557             com.android.dx.ssa.back.FirstFitLocalCombiningAllocator::handleLocalAssociatedParams (132 bytes)


---------------  P R O C E S S  ---------------

Java Threads: ( => current thread )
  0x0000000009ecc000 JavaThread "pool-2-thread-4" [_thread_blocked, id=4380, stack(0x000000000a4e0000,0x000000000a5e0000)]
  0x0000000009ec3800 JavaThread "pool-2-thread-3" [_thread_in_Java, id=8116, stack(0x000000000a3e0000,0x000000000a4e0000)]
  0x0000000009ec0800 JavaThread "pool-2-thread-2" [_thread_blocked, id=9736, stack(0x000000000a2e0000,0x000000000a3e0000)]
  0x0000000009eba000 JavaThread "pool-3-thread-1" [_thread_blocked, id=9312, stack(0x000000000a1e0000,0x000000000a2e0000)]
  0x0000000009eb9000 JavaThread "pool-2-thread-1" [_thread_in_Java, id=296, stack(0x000000000a0e0000,0x000000000a1e0000)]
  0x0000000008385800 JavaThread "Service Thread" daemon [_thread_blocked, id=6820, stack(0x0000000009ae0000,0x0000000009be0000)]
  0x0000000008376800 JavaThread "C2 CompilerThread1" daemon [_thread_blocked, id=9684, stack(0x00000000099e0000,0x0000000009ae0000)]
=>0x0000000008373800 JavaThread "C2 CompilerThread0" daemon [_thread_in_native, id=9992, stack(0x00000000098e0000,0x00000000099e0000)]
  0x0000000008372800 JavaThread "Attach Listener" daemon [_thread_blocked, id=4840, stack(0x00000000097e0000,0x00000000098e0000)]
  0x000000000836f800 JavaThread "Signal Dispatcher" daemon [_thread_blocked, id=4872, stack(0x00000000096e0000,0x00000000097e0000)]
  0x0000000008339800 JavaThread "Finalizer" daemon [_thread_blocked, id=4416, stack(0x00000000095e0000,0x00000000096e0000)]
  0x0000000008336000 JavaThread "Reference Handler" daemon [_thread_blocked, id=504, stack(0x00000000094e0000,0x00000000095e0000)]
  0x00000000022bd800 JavaThread "main" [_thread_in_Java, id=9560, stack(0x00000000023a0000,0x00000000024a0000)]

Other Threads:
  0x0000000008332000 VMThread [stack: 0x00000000093e0000,0x00000000094e0000] [id=1128]
  0x0000000008390000 WatcherThread [stack: 0x0000000009be0000,0x0000000009ce0000] [id=9316]

VM state:not at safepoint (normal execution)

VM Mutex/Monitor currently owned by a thread: None

Heap
 PSYoungGen      total 138240K, used 21753K [0x00000000eaa80000, 0x00000000f3680000, 0x0000000100000000)
  eden space 133120K, 12% used [0x00000000eaa80000,0x00000000ebac45a8,0x00000000f2c80000)
  from space 5120K, 99% used [0x00000000f3180000,0x00000000f3679fb8,0x00000000f3680000)
  to   space 5120K, 0% used [0x00000000f2c80000,0x00000000f2c80000,0x00000000f3180000)
 ParOldGen       total 86528K, used 28634K [0x00000000c0000000, 0x00000000c5480000, 0x00000000eaa80000)
  object space 86528K, 33% used [0x00000000c0000000,0x00000000c1bf6960,0x00000000c5480000)
 PSPermGen       total 21504K, used 5903K [0x00000000bae00000, 0x00000000bc300000, 0x00000000c0000000)
  object space 21504K, 27% used [0x00000000bae00000,0x00000000bb3c3c80,0x00000000bc300000)

Card table byte_map: [0x00000000055a0000,0x00000000057d0000] byte_map_base: 0x0000000004fc9000

Polling page: 0x0000000002200000

Code Cache  [0x00000000025a0000, 0x0000000002810000, 0x00000000055a0000)
 total_blobs=785 nmethods=548 adapters=189 free_code_cache=46804Kb largest_free_block=47891968

Compilation events (10 events):
Event: 15.372 Thread 0x0000000008373800 nmethod 555 0x00000000027e3250 code [0x00000000027e33a0, 0x00000000027e34b8]
Event: 15.382 Thread 0x0000000008376800  556             com.android.dx.ssa.SsaBasicBlock::<init> (109 bytes)
Event: 15.389 Thread 0x0000000008373800  557             com.android.dx.ssa.back.FirstFitLocalCombiningAllocator::handleLocalAssociatedParams (132 bytes)
Event: 15.710 Thread 0x0000000008376800 nmethod 556 0x00000000027e4d90 code [0x00000000027e4f40, 0x00000000027e5578]
Event: 15.710 Thread 0x0000000008376800  558             com.android.dx.rop.type.Prototype::getParameterFrameTypes (96 bytes)
Event: 15.720 Thread 0x0000000008376800 nmethod 558 0x00000000027e4650 code [0x00000000027e47c0, 0x00000000027e4ad8]
Event: 15.720 Thread 0x0000000008376800  559             com.android.dx.rop.cst.CstNat::isCategory2 (2 bytes)
Event: 15.720 Thread 0x0000000008376800 nmethod 559 0x00000000027e4450 code [0x00000000027e4580, 0x00000000027e45d8]
Event: 15.727 Thread 0x0000000008376800  560             com.android.dx.ssa.SCCP::setLatticeValueTo (67 bytes)
Event: 15.731 Thread 0x0000000008376800 nmethod 560 0x00000000027e12d0 code [0x00000000027e1420, 0x00000000027e1678]

GC Heap History (8 events):
Event: 7.844 GC heap before
{Heap before GC invocations=1 (full 0):
 PSYoungGen      total 38400K, used 33280K [0x00000000eaa80000, 0x00000000ed500000, 0x0000000100000000)
  eden space 33280K, 100% used [0x00000000eaa80000,0x00000000ecb00000,0x00000000ecb00000)
  from space 5120K, 0% used [0x00000000ed000000,0x00000000ed000000,0x00000000ed500000)
  to   space 5120K, 0% used [0x00000000ecb00000,0x00000000ecb00000,0x00000000ed000000)
 ParOldGen       total 86528K, used 0K [0x00000000c0000000, 0x00000000c5480000, 0x00000000eaa80000)
  object space 86528K, 0% used [0x00000000c0000000,0x00000000c0000000,0x00000000c5480000)
 PSPermGen       total 21504K, used 5751K [0x00000000bae00000, 0x00000000bc300000, 0x00000000c0000000)
  object space 21504K, 26% used [0x00000000bae00000,0x00000000bb39ddc8,0x00000000bc300000)
Event: 8.080 GC heap after
Heap after GC invocations=1 (full 0):
 PSYoungGen      total 38400K, used 5095K [0x00000000eaa80000, 0x00000000ef580000, 0x0000000100000000)
  eden space 33280K, 0% used [0x00000000eaa80000,0x00000000eaa80000,0x00000000ecb00000)
  from space 5120K, 99% used [0x00000000ecb00000,0x00000000ecff9c78,0x00000000ed000000)
  to   space 5120K, 0% used [0x00000000ef080000,0x00000000ef080000,0x00000000ef580000)
 ParOldGen       total 86528K, used 1921K [0x00000000c0000000, 0x00000000c5480000, 0x00000000eaa80000)
  object space 86528K, 2% used [0x00000000c0000000,0x00000000c01e0638,0x00000000c5480000)
 PSPermGen       total 21504K, used 5751K [0x00000000bae00000, 0x00000000bc300000, 0x00000000c0000000)
  object space 21504K, 26% used [0x00000000bae00000,0x00000000bb39ddc8,0x00000000bc300000)
}
Event: 10.862 GC heap before
{Heap before GC invocations=2 (full 0):
 PSYoungGen      total 38400K, used 38375K [0x00000000eaa80000, 0x00000000ef580000, 0x0000000100000000)
  eden space 33280K, 100% used [0x00000000eaa80000,0x00000000ecb00000,0x00000000ecb00000)
  from space 5120K, 99% used [0x00000000ecb00000,0x00000000ecff9c78,0x00000000ed000000)
  to   space 5120K, 0% used [0x00000000ef080000,0x00000000ef080000,0x00000000ef580000)
 ParOldGen       total 86528K, used 1921K [0x00000000c0000000, 0x00000000c5480000, 0x00000000eaa80000)
  object space 86528K, 2% used [0x00000000c0000000,0x00000000c01e0638,0x00000000c5480000)
 PSPermGen       total 21504K, used 5813K [0x00000000bae00000, 0x00000000bc300000, 0x00000000c0000000)
  object space 21504K, 27% used [0x00000000bae00000,0x00000000bb3ad758,0x00000000bc300000)
Event: 11.010 GC heap after
Heap after GC invocations=2 (full 0):
 PSYoungGen      total 71680K, used 5100K [0x00000000eaa80000, 0x00000000ef580000, 0x0000000100000000)
  eden space 66560K, 0% used [0x00000000eaa80000,0x00000000eaa80000,0x00000000eeb80000)
  from space 5120K, 99% used [0x00000000ef080000,0x00000000ef57b128,0x00000000ef580000)
  to   space 5120K, 0% used [0x00000000eeb80000,0x00000000eeb80000,0x00000000ef080000)
 ParOldGen       total 86528K, used 6962K [0x00000000c0000000, 0x00000000c5480000, 0x00000000eaa80000)
  object space 86528K, 8% used [0x00000000c0000000,0x00000000c06cc8d8,0x00000000c5480000)
 PSPermGen       total 21504K, used 5813K [0x00000000bae00000, 0x00000000bc300000, 0x00000000c0000000)
  object space 21504K, 27% used [0x00000000bae00000,0x00000000bb3ad758,0x00000000bc300000)
}
Event: 13.971 GC heap before
{Heap before GC invocations=3 (full 0):
 PSYoungGen      total 71680K, used 71660K [0x00000000eaa80000, 0x00000000ef580000, 0x0000000100000000)
  eden space 66560K, 100% used [0x00000000eaa80000,0x00000000eeb80000,0x00000000eeb80000)
  from space 5120K, 99% used [0x00000000ef080000,0x00000000ef57b128,0x00000000ef580000)
  to   space 5120K, 0% used [0x00000000eeb80000,0x00000000eeb80000,0x00000000ef080000)
 ParOldGen       total 86528K, used 6962K [0x00000000c0000000, 0x00000000c5480000, 0x00000000eaa80000)
  object space 86528K, 8% used [0x00000000c0000000,0x00000000c06cc8d8,0x00000000c5480000)
 PSPermGen       total 21504K, used 5860K [0x00000000bae00000, 0x00000000bc300000, 0x00000000c0000000)
  object space 21504K, 27% used [0x00000000bae00000,0x00000000bb3b92b8,0x00000000bc300000)
Event: 14.277 GC heap after
Heap after GC invocations=3 (full 0):
 PSYoungGen      total 71680K, used 5096K [0x00000000eaa80000, 0x00000000f3680000, 0x0000000100000000)
  eden space 66560K, 0% used [0x00000000eaa80000,0x00000000eaa80000,0x00000000eeb80000)
  from space 5120K, 99% used [0x00000000eeb80000,0x00000000ef07a318,0x00000000ef080000)
  to   space 5120K, 0% used [0x00000000f3180000,0x00000000f3180000,0x00000000f3680000)
 ParOldGen       total 86528K, used 18218K [0x00000000c0000000, 0x00000000c5480000, 0x00000000eaa80000)
  object space 86528K, 21% used [0x00000000c0000000,0x00000000c11cab00,0x00000000c5480000)
 PSPermGen       total 21504K, used 5860K [0x00000000bae00000, 0x00000000bc300000, 0x00000000c0000000)
  object space 21504K, 27% used [0x00000000bae00000,0x00000000bb3b92b8,0x00000000bc300000)
}
Event: 15.397 GC heap before
{Heap before GC invocations=4 (full 0):
 PSYoungGen      total 71680K, used 71656K [0x00000000eaa80000, 0x00000000f3680000, 0x0000000100000000)
  eden space 66560K, 100% used [0x00000000eaa80000,0x00000000eeb80000,0x00000000eeb80000)
  from space 5120K, 99% used [0x00000000eeb80000,0x00000000ef07a318,0x00000000ef080000)
  to   space 5120K, 0% used [0x00000000f3180000,0x00000000f3180000,0x00000000f3680000)
 ParOldGen       total 86528K, used 18218K [0x00000000c0000000, 0x00000000c5480000, 0x00000000eaa80000)
  object space 86528K, 21% used [0x00000000c0000000,0x00000000c11cab00,0x00000000c5480000)
 PSPermGen       total 21504K, used 5898K [0x00000000bae00000, 0x00000000bc300000, 0x00000000c0000000)
  object space 21504K, 27% used [0x00000000bae00000,0x00000000bb3c28d8,0x00000000bc300000)
Event: 15.654 GC heap after
Heap after GC invocations=4 (full 0):
 PSYoungGen      total 138240K, used 5095K [0x00000000eaa80000, 0x00000000f3680000, 0x0000000100000000)
  eden space 133120K, 0% used [0x00000000eaa80000,0x00000000eaa80000,0x00000000f2c80000)
  from space 5120K, 99% used [0x00000000f3180000,0x00000000f3679fb8,0x00000000f3680000)
  to   space 5120K, 0% used [0x00000000f2c80000,0x00000000f2c80000,0x00000000f3180000)
 ParOldGen       total 86528K, used 28634K [0x00000000c0000000, 0x00000000c5480000, 0x00000000eaa80000)
  object space 86528K, 33% used [0x00000000c0000000,0x00000000c1bf6960,0x00000000c5480000)
 PSPermGen       total 21504K, used 5898K [0x00000000bae00000, 0x00000000bc300000, 0x00000000c0000000)
  object space 21504K, 27% used [0x00000000bae00000,0x00000000bb3c28d8,0x00000000bc300000)
}

Deoptimization events (10 events):
Event: 12.257 Thread 0x0000000009ec3800 Uncommon trap: reason=null_check action=make_not_entrant pc=0x0000000002756db4 method=com.android.dx.dex.file.MethodIdsSection.intern(Lcom/android/dx/rop/cst/CstBaseMethodRef;)Lcom/android/dx/dex/file/MethodIdItem; @ 26
Event: 12.665 Thread 0x0000000009ec0800 Uncommon trap: reason=class_check action=maybe_recompile pc=0x000000000277b438 method=com.android.dx.cf.code.BytecodeArray.parseInstruction(ILcom/android/dx/cf/code/BytecodeArray$Visitor;)I @ 987
Event: 12.667 Thread 0x0000000009ec0800 Uncommon trap: reason=class_check action=maybe_recompile pc=0x000000000277b438 method=com.android.dx.cf.code.BytecodeArray.parseInstruction(ILcom/android/dx/cf/code/BytecodeArray$Visitor;)I @ 987
Event: 12.914 Thread 0x0000000009ecc000 Uncommon trap: reason=class_check action=maybe_recompile pc=0x000000000277b438 method=com.android.dx.cf.code.BytecodeArray.parseInstruction(ILcom/android/dx/cf/code/BytecodeArray$Visitor;)I @ 987
Event: 12.915 Thread 0x0000000009ecc000 Uncommon trap: reason=class_check action=maybe_recompile pc=0x000000000277b438 method=com.android.dx.cf.code.BytecodeArray.parseInstruction(ILcom/android/dx/cf/code/BytecodeArray$Visitor;)I @ 987
Event: 12.956 Thread 0x00000000022bd800 Uncommon trap: reason=null_check action=make_not_entrant pc=0x000000000278f6dc method=com.android.dx.dex.file.FieldIdsSection.intern(Lcom/android/dx/rop/cst/CstFieldRef;)Lcom/android/dx/dex/file/FieldIdItem; @ 26
Event: 13.391 Thread 0x0000000009ec3800 Uncommon trap: reason=class_check action=maybe_recompile pc=0x0000000002768358 method=com.android.dx.cf.code.RopperMachine.run(Lcom/android/dx/cf/code/Frame;II)V @ 310
Event: 13.428 Thread 0x0000000009eb9000 Uncommon trap: reason=unreached action=reinterpret pc=0x0000000002767f9c method=com.android.dx.cf.code.RopperMachine.run(Lcom/android/dx/cf/code/Frame;II)V @ 1500
Event: 13.812 Thread 0x0000000009ec0800 Uncommon trap: reason=bimorphic action=maybe_recompile pc=0x00000000026dcb44 method=com.android.dx.ssa.LiteralOpUpgrader.tryReplacingWithConstant(Lcom/android/dx/ssa/NormalSsaInsn;)Z @ 62
Event: 13.846 Thread 0x0000000009ec3800 Uncommon trap: reason=unreached action=reinterpret pc=0x0000000002660914 method=com.android.dx.ssa.LocalVariableExtractor.processBlock(I)V @ 251

Internal exceptions (10 events):
Event: 4.121 Thread 0x0000000009ecc000 Implicit null exception at 0x000000000262a563 to 0x000000000262b05d
Event: 4.158 Thread 0x0000000009ec3800 Threw 0x00000000eb743e28 at C:\re\jdk7u75\1940\hotspot\src\share\vm\prims\jvm.cpp:1281
Event: 5.390 Thread 0x0000000009ec3800 Threw 0x00000000ebac4fe8 at C:\re\jdk7u75\1940\hotspot\src\share\vm\prims\jvm.cpp:1281
Event: 5.448 Thread 0x0000000009ec3800 Threw 0x00000000ebe34780 at C:\re\jdk7u75\1940\hotspot\src\share\vm\prims\jvm.cpp:1281
Event: 7.130 Thread 0x00000000022bd800 Implicit null exception at 0x000000000266e0c7 to 0x000000000266e7a9
Event: 7.131 Thread 0x0000000009ec0800 Implicit null exception at 0x0000000002644012 to 0x0000000002644105
Event: 7.618 Thread 0x00000000022bd800 Threw 0x00000000ec277710 at C:\re\jdk7u75\1940\hotspot\src\share\vm\prims\jvm.cpp:1281
Event: 10.728 Thread 0x00000000022bd800 Threw 0x00000000ec742320 at C:\re\jdk7u75\1940\hotspot\src\share\vm\prims\jvm.cpp:1281
Event: 12.307 Thread 0x0000000009ecc000 Threw 0x00000000ec077f20 at C:\re\jdk7u75\1940\hotspot\src\share\vm\prims\jvm.cpp:1281
Event: 14.361 Thread 0x00000000022bd800 Threw 0x00000000eae2a110 at C:\re\jdk7u75\1940\hotspot\src\share\vm\prims\jvm.cpp:1281

Events (10 events):
Event: 13.846 Thread 0x0000000009ec3800 DEOPT PACKING pc=0x0000000002660914 sp=0x000000000a4de850
Event: 13.846 Thread 0x0000000009ec3800 DEOPT UNPACKING pc=0x00000000025d75a4 sp=0x000000000a4de7c0 mode 2
Event: 13.851 Executing VM operation: ParallelGCFailedAllocation
Event: 14.277 Executing VM operation: ParallelGCFailedAllocation done
Event: 14.346 Thread 0x0000000008376800 flushing nmethod 0x0000000002628c90
Event: 14.361 loading class 0x00000000083c02a0
Event: 14.361 loading class 0x00000000083c02a0 done
Event: 14.474 Thread 0x0000000008373800 flushing nmethod 0x000000000267f690
Event: 15.394 Executing VM operation: ParallelGCFailedAllocation
Event: 15.655 Executing VM operation: ParallelGCFailedAllocation done


Dynamic libraries:
0x00007ff693570000 - 0x00007ff6935a3000 	C:\Program Files\Java\jdk1.7.0_75\bin\java.exe
0x00007ffdf3600000 - 0x00007ffdf37c1000 	C:\WINDOWS\SYSTEM32\ntdll.dll
0x00007ffdf0fc0000 - 0x00007ffdf106d000 	C:\WINDOWS\system32\KERNEL32.DLL
0x00007ffdf0aa0000 - 0x00007ffdf0c7d000 	C:\WINDOWS\system32\KERNELBASE.dll
0x00007ffdf3550000 - 0x00007ffdf35f6000 	C:\WINDOWS\system32\ADVAPI32.dll
0x00007ffdf1a50000 - 0x00007ffdf1aed000 	C:\WINDOWS\system32\msvcrt.dll
0x00007ffdf1dd0000 - 0x00007ffdf1e2b000 	C:\WINDOWS\system32\sechost.dll
0x00007ffdf1760000 - 0x00007ffdf1886000 	C:\WINDOWS\system32\RPCRT4.dll
0x00007ffdf13a0000 - 0x00007ffdf14ee000 	C:\WINDOWS\system32\USER32.dll
0x00007ffdf14f0000 - 0x00007ffdf1676000 	C:\WINDOWS\system32\GDI32.dll
0x00007ffde26f0000 - 0x00007ffde2964000 	C:\WINDOWS\WinSxS\amd64_microsoft.windows.common-controls_6595b64144ccf1df_6.0.10240.16384_none_f41f7b285750ef43\COMCTL32.dll
0x00007ffdf1c70000 - 0x00007ffdf1ca6000 	C:\WINDOWS\system32\IMM32.DLL
0x00007ffdf1890000 - 0x00007ffdf19ec000 	C:\WINDOWS\system32\MSCTF.dll
0x000000006b850000 - 0x000000006b922000 	C:\Program Files\Java\jdk1.7.0_75\jre\bin\msvcr100.dll
0x000000006be70000 - 0x000000006c644000 	C:\Program Files\Java\jdk1.7.0_75\jre\bin\server\jvm.dll
0x00007ffdf3360000 - 0x00007ffdf3368000 	C:\WINDOWS\system32\PSAPI.DLL
0x00007ffdea850000 - 0x00007ffdea859000 	C:\WINDOWS\SYSTEM32\WSOCK32.dll
0x00007ffdf1d60000 - 0x00007ffdf1dc9000 	C:\WINDOWS\system32\WS2_32.dll
0x00007ffdf3370000 - 0x00007ffdf3378000 	C:\WINDOWS\system32\NSI.dll
0x00007ffded010000 - 0x00007ffded033000 	C:\WINDOWS\SYSTEM32\WINMM.dll
0x00007ffdecfb0000 - 0x00007ffdecfdc000 	C:\WINDOWS\SYSTEM32\WINMMBASE.dll
0x00007ffdf0c80000 - 0x00007ffdf0cc4000 	C:\WINDOWS\system32\cfgmgr32.dll
0x00007ffdee9a0000 - 0x00007ffdee9c7000 	C:\WINDOWS\SYSTEM32\DEVOBJ.dll
0x000000006be60000 - 0x000000006be6f000 	C:\Program Files\Java\jdk1.7.0_75\jre\bin\verify.dll
0x000000006be30000 - 0x000000006be58000 	C:\Program Files\Java\jdk1.7.0_75\jre\bin\java.dll
0x000000006be10000 - 0x000000006be25000 	C:\Program Files\Java\jdk1.7.0_75\jre\bin\zip.dll
0x000000006bce0000 - 0x000000006bcf9000 	C:\Program Files\Java\jdk1.7.0_75\jre\bin\net.dll
0x00007ffdef8a0000 - 0x00007ffdef8fd000 	C:\WINDOWS\system32\mswsock.dll
0x000000006bcc0000 - 0x000000006bcd1000 	C:\Program Files\Java\jdk1.7.0_75\jre\bin\nio.dll

VM Arguments:
jvm_args: -Djava.awt.headless=true -Xmx1024M -Dfile.encoding=windows-1252 -Duser.country=AR -Duser.language=es -Duser.variant 
java_command: com.android.dx.command.Main --dex --force-jumbo --num-threads=4 --multi-dex --output C:\Users\Claudio\StudioProjects\paranavivo\app\build\intermediates\transforms\dex\debug\folders\1000\10\com.android.support-appcompat-v7-23.3.0_850adfbebb561bcde4359260e0b8acb4b11fc339 C:\Users\Claudio\StudioProjects\paranavivo\app\build\intermediates\exploded-aar\com.android.support\appcompat-v7\23.3.0\jars\classes.jar
Launcher Type: SUN_STANDARD

Environment Variables:
PATH=C:\Program Files (x86)\Intel\iCLS Client\;C:\Program Files\Intel\iCLS Client\;C:\WINDOWS\system32;C:\WINDOWS;C:\WINDOWS\System32\Wbem;C:\WINDOWS\System32\WindowsPowerShell\v1.0\;C:\Program Files\Intel\Intel(R) Management Engine Components\DAL;C:\Program Files\Intel\Intel(R) Management Engine Components\IPT;C:\Program Files (x86)\Intel\Intel(R) Management Engine Components\DAL;C:\Program Files (x86)\Intel\Intel(R) Management Engine Components\IPT;C:\Program Files (x86)\Microsoft SQL Server\100\Tools\Binn\;C:\Program Files\Microsoft SQL Server\100\Tools\Binn\;C:\Program Files\Microsoft SQL Server\100\DTS\Binn\;C:\Program Files (x86)\Microsoft SQL Server\100\Tools\Binn\VSShell\Common7\IDE\;C:\Program Files (x86)\Microsoft SQL Server\100\DTS\Binn\;C:\Program Files (x86)\MySQL\MySQL Fabric 1.5.3 & MySQL Utilities 1.5.3 1.5\;C:\Program Files (x86)\MySQL\MySQL Fabric 1.5.3 & MySQL Utilities 1.5.3 1.5\Doctrine extensions for PHP\;C:\Program Files (x86)\Git\cmd;C:\Program Files (x86)\Skype\Phone\
USERNAME=Claudio
OS=Windows_NT
PROCESSOR_IDENTIFIER=Intel64 Family 6 Model 69 Stepping 1, GenuineIntel



---------------  S Y S T E M  ---------------

OS: Windows 8.1 , 64 bit Build 9600 

CPU:total 4 (2 cores per cpu, 2 threads per core) family 6 model 69 stepping 1, cmov, cx8, fxsr, mmx, sse, sse2, sse3, ssse3, sse4.1, sse4.2, popcnt, avx, avx2, aes, erms, ht, tsc, tscinvbit

Memory: 4k page, physical 8307672k(1203492k free), swap 10404824k(6552k free)

vm_info: Java HotSpot(TM) 64-Bit Server VM (24.75-b04) for windows-amd64 JRE (1.7.0_75-b13), built on Dec 18 2014 17:15:01 by "java_re" with unknown MS VC++:1600

time: Sun Jun 05 15:24:22 2016
elapsed time: 15 seconds

