#
# There is insufficient memory for the Java Runtime Environment to continue.
# Native memory allocation (malloc) failed to allocate 166576 bytes for Chunk::new
# Possible reasons:
#   The system is out of physical RAM or swap space
#   In 32 bit mode, the process size limit was hit
# Possible solutions:
#   Reduce memory load on the system
#   Increase physical memory or swap space
#   Check if swap backing store is full
#   Use 64 bit Java on a 64 bit OS
#   Decrease Java heap size (-Xmx/-Xms)
#   Decrease number of Java threads
#   Decrease Java thread stack sizes (-Xss)
#   Set larger code cache with -XX:ReservedCodeCacheSize=
# This output file may be truncated or incomplete.
#
#  Out of Memory Error (allocation.cpp:323), pid=7156, tid=5092
#
# JRE version: Java(TM) SE Runtime Environment (7.0_75-b13) (build 1.7.0_75-b13)
# Java VM: Java HotSpot(TM) 64-Bit Server VM (24.75-b04 mixed mode windows-amd64 compressed oops)
# Failed to write core dump. Minidumps are not enabled by default on client versions of Windows
#

---------------  T H R E A D  ---------------

Current thread (0x0000000008443800):  JavaThread "C2 CompilerThread0" daemon [_thread_in_native, id=5092, stack(0x00000000099b0000,0x0000000009ab0000)]

Stack: [0x00000000099b0000,0x0000000009ab0000]
[error occurred during error reporting (printing stack bounds), id 0xc0000005]


[error occurred during error reporting (printing native stack), id 0xc0000005]


Current CompileTask:
C2:   8304  442 %           com.android.dx.dex.cf.CfTranslator::translate0 @ 141 (259 bytes)


---------------  P R O C E S S  ---------------

Java Threads: ( => current thread )
  0x0000000009f87000 JavaThread "pool-2-thread-4" [_thread_blocked, id=4192, stack(0x000000000a5b0000,0x000000000a6b0000)]
  0x0000000009f78800 JavaThread "pool-2-thread-3" [_thread_in_Java, id=10148, stack(0x000000000a4b0000,0x000000000a5b0000)]
  0x0000000009f9d000 JavaThread "pool-2-thread-2" [_thread_in_Java, id=8, stack(0x000000000a3b0000,0x000000000a4b0000)]
  0x0000000009f9c800 JavaThread "pool-3-thread-1" [_thread_blocked, id=9852, stack(0x000000000a2b0000,0x000000000a3b0000)]
  0x0000000009e3f800 JavaThread "pool-2-thread-1" [_thread_blocked, id=424, stack(0x000000000a1b0000,0x000000000a2b0000)]
  0x0000000008458800 JavaThread "Service Thread" daemon [_thread_blocked, id=8252, stack(0x0000000009bb0000,0x0000000009cb0000)]
  0x0000000008446800 JavaThread "C2 CompilerThread1" daemon [_thread_in_native, id=6512, stack(0x0000000009ab0000,0x0000000009bb0000)]
=>0x0000000008443800 JavaThread "C2 CompilerThread0" daemon [_thread_in_native, id=5092, stack(0x00000000099b0000,0x0000000009ab0000)]
  0x0000000008443000 JavaThread "Attach Listener" daemon [_thread_blocked, id=7664, stack(0x00000000098b0000,0x00000000099b0000)]
  0x000000000843f800 JavaThread "Signal Dispatcher" daemon [_thread_blocked, id=3224, stack(0x00000000097b0000,0x00000000098b0000)]
  0x0000000008409800 JavaThread "Finalizer" daemon [_thread_blocked, id=5028, stack(0x00000000096b0000,0x00000000097b0000)]
  0x0000000008406000 JavaThread "Reference Handler" daemon [_thread_blocked, id=4772, stack(0x00000000095b0000,0x00000000096b0000)]
  0x00000000022ad800 JavaThread "main" [_thread_blocked, id=9684, stack(0x00000000022b0000,0x00000000023b0000)]

Other Threads:
  0x0000000008402000 VMThread [stack: 0x00000000094b0000,0x00000000095b0000] [id=9788]
  0x0000000008463000 WatcherThread [stack: 0x0000000009cb0000,0x0000000009db0000] [id=7364]

VM state:not at safepoint (normal execution)

VM Mutex/Monitor currently owned by a thread: None

Heap
 PSYoungGen      total 71680K, used 38714K [0x00000000eaa80000, 0x00000000ef580000, 0x0000000100000000)
  eden space 66560K, 50% used [0x00000000eaa80000,0x00000000ecb53ec8,0x00000000eeb80000)
  from space 5120K, 99% used [0x00000000ef080000,0x00000000ef57aab8,0x00000000ef580000)
  to   space 5120K, 0% used [0x00000000eeb80000,0x00000000eeb80000,0x00000000ef080000)
 ParOldGen       total 86528K, used 6551K [0x00000000c0000000, 0x00000000c5480000, 0x00000000eaa80000)
  object space 86528K, 7% used [0x00000000c0000000,0x00000000c0665e68,0x00000000c5480000)
 PSPermGen       total 21504K, used 5829K [0x00000000bae00000, 0x00000000bc300000, 0x00000000c0000000)
  object space 21504K, 27% used [0x00000000bae00000,0x00000000bb3b17c0,0x00000000bc300000)

Card table byte_map: [0x0000000005670000,0x00000000058a0000] byte_map_base: 0x0000000005099000

Polling page: 0x0000000002220000

Code Cache  [0x00000000025b0000, 0x0000000002820000, 0x00000000055b0000)
 total_blobs=684 nmethods=447 adapters=189 free_code_cache=47336Kb largest_free_block=48431680

Compilation events (10 events):
Event: 8.235 Thread 0x0000000008446800 nmethod 443 0x00000000027795d0 code [0x0000000002779720, 0x0000000002779918]
Event: 8.247 Thread 0x0000000008446800  444             com.android.dx.cf.code.OneLocalsArray::<init> (22 bytes)
Event: 8.249 Thread 0x0000000008446800 nmethod 444 0x00000000027792d0 code [0x0000000002779420, 0x0000000002779538]
Event: 8.249 Thread 0x0000000008446800  445             com.android.dx.cf.code.LocalsArray::<init> (6 bytes)
Event: 8.250 Thread 0x0000000008446800 nmethod 445 0x0000000002777bd0 code [0x0000000002777d00, 0x0000000002777d58]
Event: 8.255 Thread 0x0000000008446800  446             com.android.dx.cf.iface.StdMember::getAccessFlags (5 bytes)
Event: 8.255 Thread 0x0000000008446800 nmethod 446 0x00000000027790d0 code [0x0000000002779200, 0x0000000002779258]
Event: 8.257 Thread 0x0000000008446800  447             com.android.dx.ssa.back.FirstFitLocalCombiningAllocator$Alignment$3::nextClearBit (6 bytes)
Event: 8.260 Thread 0x0000000008446800 nmethod 447 0x0000000002778c90 code [0x0000000002778de0, 0x0000000002778f18]
Event: 8.264 Thread 0x0000000008446800  448             java.lang.String::lastIndexOf (151 bytes)

GC Heap History (4 events):
Event: 5.556 GC heap before
{Heap before GC invocations=1 (full 0):
 PSYoungGen      total 38400K, used 33280K [0x00000000eaa80000, 0x00000000ed500000, 0x0000000100000000)
  eden space 33280K, 100% used [0x00000000eaa80000,0x00000000ecb00000,0x00000000ecb00000)
  from space 5120K, 0% used [0x00000000ed000000,0x00000000ed000000,0x00000000ed500000)
  to   space 5120K, 0% used [0x00000000ecb00000,0x00000000ecb00000,0x00000000ed000000)
 ParOldGen       total 86528K, used 0K [0x00000000c0000000, 0x00000000c5480000, 0x00000000eaa80000)
  object space 86528K, 0% used [0x00000000c0000000,0x00000000c0000000,0x00000000c5480000)
 PSPermGen       total 21504K, used 5753K [0x00000000bae00000, 0x00000000bc300000, 0x00000000c0000000)
  object space 21504K, 26% used [0x00000000bae00000,0x00000000bb39e738,0x00000000bc300000)
Event: 5.661 GC heap after
Heap after GC invocations=1 (full 0):
 PSYoungGen      total 38400K, used 5114K [0x00000000eaa80000, 0x00000000ef580000, 0x0000000100000000)
  eden space 33280K, 0% used [0x00000000eaa80000,0x00000000eaa80000,0x00000000ecb00000)
  from space 5120K, 99% used [0x00000000ecb00000,0x00000000ecffeaa8,0x00000000ed000000)
  to   space 5120K, 0% used [0x00000000ef080000,0x00000000ef080000,0x00000000ef580000)
 ParOldGen       total 86528K, used 1784K [0x00000000c0000000, 0x00000000c5480000, 0x00000000eaa80000)
  object space 86528K, 2% used [0x00000000c0000000,0x00000000c01be238,0x00000000c5480000)
 PSPermGen       total 21504K, used 5753K [0x00000000bae00000, 0x00000000bc300000, 0x00000000c0000000)
  object space 21504K, 26% used [0x00000000bae00000,0x00000000bb39e738,0x00000000bc300000)
}
Event: 7.283 GC heap before
{Heap before GC invocations=2 (full 0):
 PSYoungGen      total 38400K, used 38394K [0x00000000eaa80000, 0x00000000ef580000, 0x0000000100000000)
  eden space 33280K, 100% used [0x00000000eaa80000,0x00000000ecb00000,0x00000000ecb00000)
  from space 5120K, 99% used [0x00000000ecb00000,0x00000000ecffeaa8,0x00000000ed000000)
  to   space 5120K, 0% used [0x00000000ef080000,0x00000000ef080000,0x00000000ef580000)
 ParOldGen       total 86528K, used 1784K [0x00000000c0000000, 0x00000000c5480000, 0x00000000eaa80000)
  object space 86528K, 2% used [0x00000000c0000000,0x00000000c01be238,0x00000000c5480000)
 PSPermGen       total 21504K, used 5808K [0x00000000bae00000, 0x00000000bc300000, 0x00000000c0000000)
  object space 21504K, 27% used [0x00000000bae00000,0x00000000bb3ac318,0x00000000bc300000)
Event: 7.309 GC heap after
Heap after GC invocations=2 (full 0):
 PSYoungGen      total 71680K, used 5098K [0x00000000eaa80000, 0x00000000ef580000, 0x0000000100000000)
  eden space 66560K, 0% used [0x00000000eaa80000,0x00000000eaa80000,0x00000000eeb80000)
  from space 5120K, 99% used [0x00000000ef080000,0x00000000ef57aab8,0x00000000ef580000)
  to   space 5120K, 0% used [0x00000000eeb80000,0x00000000eeb80000,0x00000000ef080000)
 ParOldGen       total 86528K, used 6551K [0x00000000c0000000, 0x00000000c5480000, 0x00000000eaa80000)
  object space 86528K, 7% used [0x00000000c0000000,0x00000000c0665e68,0x00000000c5480000)
 PSPermGen       total 21504K, used 5808K [0x00000000bae00000, 0x00000000bc300000, 0x00000000c0000000)
  object space 21504K, 27% used [0x00000000bae00000,0x00000000bb3ac318,0x00000000bc300000)
}

Deoptimization events (10 events):
Event: 3.772 Thread 0x0000000009f78800 Uncommon trap: reason=null_check action=make_not_entrant pc=0x0000000002630930 method=com.android.dx.rop.code.LocalItem.equals(Ljava/lang/Object;)Z @ 1
Event: 5.045 Thread 0x0000000009f9d000 Uncommon trap: reason=unreached action=reinterpret pc=0x000000000263b404 method=com.android.dx.rop.cst.Constant.compareTo(Lcom/android/dx/rop/cst/Constant;)I @ 12
Event: 5.381 Thread 0x0000000009f9d000 Uncommon trap: reason=unreached action=reinterpret pc=0x00000000026601a0 method=com.android.dx.ssa.SsaConverter.placePhiFunctions(Lcom/android/dx/ssa/SsaMethod;Lcom/android/dx/ssa/LocalVariableInfo;I)V @ 327
Event: 5.381 Thread 0x0000000009f9d000 Uncommon trap: reason=unloaded action=reinterpret pc=0x000000000266b9a4 method=com.android.dx.ssa.SsaRenamer$BlockRenamer.visitMoveInsn(Lcom/android/dx/ssa/NormalSsaInsn;)V @ 208
Event: 5.860 Thread 0x0000000009f78800 Uncommon trap: reason=null_check action=make_not_entrant pc=0x000000000263e514 method=com.android.dx.rop.type.Type.equals(Ljava/lang/Object;)Z @ 8
Event: 6.477 Thread 0x00000000022ad800 Uncommon trap: reason=null_check action=make_not_entrant pc=0x00000000026d779c method=com.android.dx.rop.type.Type.putIntern(Lcom/android/dx/rop/type/Type;)Lcom/android/dx/rop/type/Type; @ 18
Event: 6.858 Thread 0x0000000009f87000 Uncommon trap: reason=bimorphic action=maybe_recompile pc=0x00000000026f5bfc method=com.android.dx.ssa.LiteralOpUpgrader.tryReplacingWithConstant(Lcom/android/dx/ssa/NormalSsaInsn;)Z @ 52
Event: 7.511 Thread 0x0000000009f9d000 Uncommon trap: reason=bimorphic action=maybe_recompile pc=0x00000000026f5bfc method=com.android.dx.ssa.LiteralOpUpgrader.tryReplacingWithConstant(Lcom/android/dx/ssa/NormalSsaInsn;)Z @ 52
Event: 7.512 Thread 0x0000000009f9d000 Uncommon trap: reason=unreached action=reinterpret pc=0x0000000002729f40 method=com.android.dx.dex.code.RopToDop.dopFor(Lcom/android/dx/rop/code/Insn;)Lcom/android/dx/dex/code/Dop; @ 747
Event: 8.080 Thread 0x0000000009f78800 Uncommon trap: reason=null_check action=make_not_entrant pc=0x00000000027692f8 method=com.android.dx.dex.file.FieldIdsSection.intern(Lcom/android/dx/rop/cst/CstFieldRef;)Lcom/android/dx/dex/file/FieldIdItem; @ 26

Internal exceptions (10 events):
Event: 3.746 Thread 0x0000000009f78800 Threw 0x00000000eb6da560 at C:\re\jdk7u75\1940\hotspot\src\share\vm\prims\jvm.cpp:1281
Event: 3.772 Thread 0x0000000009f78800 Implicit null exception at 0x0000000002630523 to 0x0000000002630915
Event: 3.823 Thread 0x0000000009e3f800 Threw 0x00000000eb863a48 at C:\re\jdk7u75\1940\hotspot\src\share\vm\prims\jvm.cpp:1281
Event: 4.855 Thread 0x00000000022ad800 Threw 0x00000000ebf7d4c0 at C:\re\jdk7u75\1940\hotspot\src\share\vm\prims\jvm.cpp:1281
Event: 4.855 Thread 0x00000000022ad800 Threw 0x00000000ebf7fb30 at C:\re\jdk7u75\1940\hotspot\src\share\vm\prims\jvm.cpp:1281
Event: 5.410 Thread 0x0000000009e3f800 Threw 0x00000000ec7a62a0 at C:\re\jdk7u75\1940\hotspot\src\share\vm\prims\jvm.cpp:1281
Event: 5.411 Thread 0x0000000009e3f800 Threw 0x00000000ec7abb10 at C:\re\jdk7u75\1940\hotspot\src\share\vm\prims\jvm.cpp:1281
Event: 5.412 Thread 0x0000000009e3f800 Threw 0x00000000ec7b1048 at C:\re\jdk7u75\1940\hotspot\src\share\vm\prims\jvm.cpp:1281
Event: 5.860 Thread 0x0000000009f78800 Implicit null exception at 0x000000000263e412 to 0x000000000263e505
Event: 6.477 Thread 0x00000000022ad800 Implicit null exception at 0x00000000026d70ab to 0x00000000026d778d

Events (10 events):
Event: 7.466 Executing VM operation: BulkRevokeBias done
Event: 7.511 Thread 0x0000000009f9d000 Uncommon trap: trap_request=0xffffffc6 fr.pc=0x00000000026f5bfc
Event: 7.511 Thread 0x0000000009f9d000 DEOPT PACKING pc=0x00000000026f5bfc sp=0x000000000a4aeb00
Event: 7.511 Thread 0x0000000009f9d000 DEOPT UNPACKING pc=0x00000000025e75a4 sp=0x000000000a4ae9a8 mode 2
Event: 7.512 Thread 0x0000000009f9d000 Uncommon trap: trap_request=0xffffffad fr.pc=0x0000000002729f40
Event: 7.512 Thread 0x0000000009f9d000 DEOPT PACKING pc=0x0000000002729f40 sp=0x000000000a4aea80
Event: 7.512 Thread 0x0000000009f9d000 DEOPT UNPACKING pc=0x00000000025e75a4 sp=0x000000000a4aea18 mode 2
Event: 8.080 Thread 0x0000000009f78800 Uncommon trap: trap_request=0xfffffff4 fr.pc=0x00000000027692f8
Event: 8.080 Thread 0x0000000009f78800 DEOPT PACKING pc=0x00000000027692f8 sp=0x000000000a5af1f0
Event: 8.080 Thread 0x0000000009f78800 DEOPT UNPACKING pc=0x00000000025e75a4 sp=0x000000000a5af138 mode 2


Dynamic libraries:
0x00007ff693570000 - 0x00007ff6935a3000 	C:\Program Files\Java\jdk1.7.0_75\bin\java.exe
0x00007ffdf3600000 - 0x00007ffdf37c1000 	C:\WINDOWS\SYSTEM32\ntdll.dll
0x00007ffdf0fc0000 - 0x00007ffdf106d000 	C:\WINDOWS\system32\KERNEL32.DLL
0x00007ffdf0aa0000 - 0x00007ffdf0c7d000 	C:\WINDOWS\system32\KERNELBASE.dll
0x00007ffdf3550000 - 0x00007ffdf35f6000 	C:\WINDOWS\system32\ADVAPI32.dll
0x00007ffdf1a50000 - 0x00007ffdf1aed000 	C:\WINDOWS\system32\msvcrt.dll
0x00007ffdf1dd0000 - 0x00007ffdf1e2b000 	C:\WINDOWS\system32\sechost.dll
0x00007ffdf1760000 - 0x00007ffdf1886000 	C:\WINDOWS\system32\RPCRT4.dll
0x00007ffdf13a0000 - 0x00007ffdf14ee000 	C:\WINDOWS\system32\USER32.dll
0x00007ffdf14f0000 - 0x00007ffdf1676000 	C:\WINDOWS\system32\GDI32.dll
0x00007ffde26f0000 - 0x00007ffde2964000 	C:\WINDOWS\WinSxS\amd64_microsoft.windows.common-controls_6595b64144ccf1df_6.0.10240.16384_none_f41f7b285750ef43\COMCTL32.dll
0x00007ffdf1c70000 - 0x00007ffdf1ca6000 	C:\WINDOWS\system32\IMM32.DLL
0x00007ffdf1890000 - 0x00007ffdf19ec000 	C:\WINDOWS\system32\MSCTF.dll
0x000000006b850000 - 0x000000006b922000 	C:\Program Files\Java\jdk1.7.0_75\jre\bin\msvcr100.dll
0x000000006be70000 - 0x000000006c644000 	C:\Program Files\Java\jdk1.7.0_75\jre\bin\server\jvm.dll
0x00007ffdf3360000 - 0x00007ffdf3368000 	C:\WINDOWS\system32\PSAPI.DLL
0x00007ffdea850000 - 0x00007ffdea859000 	C:\WINDOWS\SYSTEM32\WSOCK32.dll
0x00007ffdf1d60000 - 0x00007ffdf1dc9000 	C:\WINDOWS\system32\WS2_32.dll
0x00007ffdf3370000 - 0x00007ffdf3378000 	C:\WINDOWS\system32\NSI.dll
0x00007ffded010000 - 0x00007ffded033000 	C:\WINDOWS\SYSTEM32\WINMM.dll
0x00007ffdecfb0000 - 0x00007ffdecfdc000 	C:\WINDOWS\SYSTEM32\WINMMBASE.dll
0x00007ffdf0c80000 - 0x00007ffdf0cc4000 	C:\WINDOWS\system32\cfgmgr32.dll
0x00007ffdee9a0000 - 0x00007ffdee9c7000 	C:\WINDOWS\SYSTEM32\DEVOBJ.dll
0x000000006be60000 - 0x000000006be6f000 	C:\Program Files\Java\jdk1.7.0_75\jre\bin\verify.dll
0x000000006be30000 - 0x000000006be58000 	C:\Program Files\Java\jdk1.7.0_75\jre\bin\java.dll
0x000000006be10000 - 0x000000006be25000 	C:\Program Files\Java\jdk1.7.0_75\jre\bin\zip.dll
0x000000006bce0000 - 0x000000006bcf9000 	C:\Program Files\Java\jdk1.7.0_75\jre\bin\net.dll
0x00007ffdef8a0000 - 0x00007ffdef8fd000 	C:\WINDOWS\system32\mswsock.dll
0x000000006bcc0000 - 0x000000006bcd1000 	C:\Program Files\Java\jdk1.7.0_75\jre\bin\nio.dll

VM Arguments:
jvm_args: -Djava.awt.headless=true -Xmx1024M -Dfile.encoding=windows-1252 -Duser.country=AR -Duser.language=es -Duser.variant 
java_command: com.android.dx.command.Main --dex --force-jumbo --num-threads=4 --multi-dex --output C:\Users\Claudio\StudioProjects\paranavivo\app\build\intermediates\transforms\dex\debug\folders\1000\10\com.google.android.gms-play-services-location-8.4.0_28713ca233591915f451bd1eeb5eca5e347abf80 C:\Users\Claudio\StudioProjects\paranavivo\app\build\intermediates\exploded-aar\com.google.android.gms\play-services-location\8.4.0\jars\classes.jar
Launcher Type: SUN_STANDARD

Environment Variables:
PATH=C:\Program Files (x86)\Intel\iCLS Client\;C:\Program Files\Intel\iCLS Client\;C:\WINDOWS\system32;C:\WINDOWS;C:\WINDOWS\System32\Wbem;C:\WINDOWS\System32\WindowsPowerShell\v1.0\;C:\Program Files\Intel\Intel(R) Management Engine Components\DAL;C:\Program Files\Intel\Intel(R) Management Engine Components\IPT;C:\Program Files (x86)\Intel\Intel(R) Management Engine Components\DAL;C:\Program Files (x86)\Intel\Intel(R) Management Engine Components\IPT;C:\Program Files (x86)\Microsoft SQL Server\100\Tools\Binn\;C:\Program Files\Microsoft SQL Server\100\Tools\Binn\;C:\Program Files\Microsoft SQL Server\100\DTS\Binn\;C:\Program Files (x86)\Microsoft SQL Server\100\Tools\Binn\VSShell\Common7\IDE\;C:\Program Files (x86)\Microsoft SQL Server\100\DTS\Binn\;C:\Program Files (x86)\MySQL\MySQL Fabric 1.5.3 & MySQL Utilities 1.5.3 1.5\;C:\Program Files (x86)\MySQL\MySQL Fabric 1.5.3 & MySQL Utilities 1.5.3 1.5\Doctrine extensions for PHP\;C:\Program Files (x86)\Git\cmd;C:\Program Files (x86)\Skype\Phone\
USERNAME=Claudio
OS=Windows_NT
PROCESSOR_IDENTIFIER=Intel64 Family 6 Model 69 Stepping 1, GenuineIntel



---------------  S Y S T E M  ---------------

OS: Windows 8.1 , 64 bit Build 9600 

CPU:total 4 (2 cores per cpu, 2 threads per core) family 6 model 69 stepping 1, cmov, cx8, fxsr, mmx, sse, sse2, sse3, ssse3, sse4.1, sse4.2, popcnt, avx, avx2, aes, erms, ht, tsc, tscinvbit

Memory: 4k page, physical 8307672k(1076840k free), swap 10404824k(4248k free)

vm_info: Java HotSpot(TM) 64-Bit Server VM (24.75-b04) for windows-amd64 JRE (1.7.0_75-b13), built on Dec 18 2014 17:15:01 by "java_re" with unknown MS VC++:1600

time: Sun Jun 05 15:58:58 2016
elapsed time: 8 seconds

